<?xml version="1.0" encoding="UTF-8"?>
<!-- Generated by org.testng.reporters.JUnitReportReporter -->
<testsuite skipped="0" hostname="Alla-PC" name="by.artushevskaya.emailtutby.test.MainTest" tests="1" failures="0" timestamp="14 янв 2018 12:03:47 GMT" time="21.123" errors="0">
  <testcase name="checkNumberInboxEmails" time="21.123" classname="by.artushevskaya.emailtutby.test.MainTest"/>
</testsuite> <!-- by.artushevskaya.emailtutby.test.MainTest -->
